<?xml version="1.0" encoding="UTF-8"?>
<!-- Generated by org.testng.reporters.JUnitXMLReporter -->
<testsuite hostname="IN-PF2RS02D" ignored="0" name="Test" tests="4" failures="0" timestamp="26 Feb 2024 07:08:27 GMT" time="53.647" errors="0">
  <testcase name="filterByCategory" time="13.48" classname="com.letsKodeit.overview.AllcoursesTest"/>
  <testcase name="verifySearchCourse" time="2.606" classname="com.letsKodeit.overview.AllcoursesTest"/>
  <testcase name="verifySearchCourse" time="2.238" classname="com.letsKodeit.overview.AllcoursesTest"/>
  <testcase name="testlogin" time="5.672" classname="com.letsKodeit.overview.LoginTests"/>
</testsuite> <!-- Test -->
